C51 COMPILER V6.11.4C,  MAIN                      08/07/109  10:38:59  PAGE  1

QCW(0x00002D1A)

WIN32 C51 COMPILER V6.11.4C, COMPILATION OF MODULE MAIN      
OBJECT MODULE PLACED IN f:\fpga_micro_board\mic_fpga_lcd_kp_com_7s\lcd_kp_com_7s
            -\main.obj
COMPILER INVOKED BY: C51.EXE F:\FPGA_MICRO_BOARD\MIC_FPGA_LCD_KP_COM_7S\LCD_KP_C
            -OM_7S\MAIN.C OBJECT(F:\FPGA_MICRO_BOARD\MIC_FPGA_LCD_KP_COM_7S\LCD_
            -KP_COM_7S\MAIN.OBJ) PIN(C:\FSI\INC) NOAM PR(F:\FPGA_MICRO_BOARD\MIC
            -_FPGA_LCD_KP_COM_7S\LCD_KP_COM_7S\MAIN.LST) CD SB OE(1) SM FP(NOFLO
            -AT) PW(80) 

stmt level    source
   1          /** **************************************************************
            -*******************************
   2          Programmer:		SAJJAD HUSSAIN S.E.
   3          Date:				30-07-2009
   4          Description:	see the ReadMe.txt
   5          ******************************************************************
            -*****************************/
   6          #include <at89c51rc2.h>
   7          #include "lcd.h"
   8          unsigned char Key,RecChar;
   9          bit rxFlag;
  10          void main(void)
  11          {          
  12   1      	int i;
  13   1      	SCON   = 0x50;
  14   1      	TCON 	 = 0x05;
  15   1      	TMOD   = 0x21;
  16   1      	TL1 = -1;
  17   1      	TH1 = -1;
  18   1      	TR1 = 1;
  19   1      	for(i=0;i<1000;i++)
  20   1      		DelayOnems();
  21   1      	P1 = 0xF0;
  22   1      	P2 = 0x00;
  23   1      	LcdInit();
  24   1      	LcdClear();
  25   1      	LcdWriteStr("MIC_FPGA_LCD_KP");
  26   1      	ES = 1;
  27   1      	EX0 = 1;
  28   1      	IT0 = 1;
  29   1      	EA = 1;
  30   1      	SendChar('S');
  31   1      	SendChar('a');
  32   1      	SendChar('j');
  33   1      	SendChar('j');
  34   1      	SendChar('a');
  35   1      	SendChar('d');
  36   1      	
  37   1      	while(1)
  38   1      	{
  39   2      	 if(rxFlag)
  40   2      	 {
  41   3      	 	rxFlag = 0;
  42   3      	 	Putc(RecChar);
  43   3      	 }
  44   2      	 display_digit(i%10);
  45   2      	 i++;
  46   2      	 DelaySec(1);
  47   2      	}
  48   1      
  49   1      }//main
  50          
  51          void keypad() interrupt 0
  52          {
  53   1      	Key = P1&0xF0;
  54   1      	Key = Key>>4;
  55   1      	LcdClear();
  56   1      	Putc(Key+48);
  57   1      }
  58          void Serial() interrupt 4
  59          {
  60   1      	if (RI)
  61   1      	{
  62   2      		RI = 0;
  63   2      		RecChar = SBUF;
  64   2      		rxFlag = 1;
  65   2      	}//end RI
  66   1      }
  67           
  68          
  69          
  70          
  71          
  72          
  73          
  74          
  75          
  76          
  77          
  78          
  79          
  80          
  81          
  82          
  83          
  84          
  85          
  86          
  87          
  88          
  89          
  90          
  91          
  92          
  93          
  94          
  95          
  96          
  97          
  98          
  99          
 100          
 101          
C51 COMPILER V6.11.4C,  MAIN                      08/07/109  10:38:59  PAGE  2

ASSEMBLY LISTING OF GENERATED OBJECT CODE

            ; FUNCTION DelayOnems (BEGIN)
                                           ; SOURCE LINE # 19 
0000 758ACD         MOV    TL0,#0CDH
                                           ; SOURCE LINE # 20 
0003 758CF8         MOV    TH0,#0F8H
                                           ; SOURCE LINE # 21 
0006 D28C           SETB   TR0
0008         ?WHILE1:
                                           ; SOURCE LINE # 22 
0008 308DFD         JNB    TF0,?WHILE1
                                           ; SOURCE LINE # 23 
000B C28C           CLR    TR0
                                           ; SOURCE LINE # 24 
000D C28D           CLR    TF0
000F 22             RET    

            ; FUNCTION DelayOnems (END)

            ; FUNCTION _DelaySec (BEGIN)
              ; Register R3 is assigned to parameter ds
                                           ; SOURCE LINE # 30 
0000 8F03           MOV    AR3,R7
                                           ; SOURCE LINE # 29 
0002 E4             CLR    A
0003 F500    R      MOV    k,A
0005 F500    R      MOV    k+01H,A
0007         ?FOR1:
0007 EB             MOV    A,R3
0008 FF             MOV    R7,A
0009 7E00           MOV    R6,#000H
000B 7C03           MOV    R4,#003H
000D 7DE8           MOV    R5,#0E8H
000F 120000  R      LCALL  ?C_IMUL
0012 E500    R      MOV    A,k
0014 B50605         CJNE   A,AR6,?LAB6
0017 E500    R      MOV    A,k+01H
0019 B50700         CJNE   A,AR7,?LAB6
001C         ?LAB6:
001C 500D           JNC    ?NXT4
                                           ; SOURCE LINE # 30 
001E 120000  R      LCALL  DelayOnems
                                           ; SOURCE LINE # 29 
0021 0500    R      INC    k+01H
0023 E500    R      MOV    A,k+01H
0025 70E0           JNZ    ?FOR1
0027 0500    R      INC    k
0029 80DC           SJMP   ?FOR1
002B         ?NXT4:
002B 22             RET    

            ; FUNCTION _DelaySec (END)

            ; FUNCTION Getc (BEGIN)
0000         ?WHILE3:
                                           ; SOURCE LINE # 35 
0000 3098FD         JNB    RI,?WHILE3
              ; R6 is assigned to c
0003 AE99           MOV    R6,SBUF
0005 8E07           MOV    AR7,R6
0007 C298           CLR    RI
                                           ; SOURCE LINE # 36 
0009 22             RET    

            ; FUNCTION Getc (END)

            ; FUNCTION _SendChar (BEGIN)
              ; Register R7 is assigned to parameter ch
                                           ; SOURCE LINE # 40 
0000 D299           SETB   TI
0002         ?WHILE6:
                                           ; SOURCE LINE # 41 
0002 3099FD         JNB    TI,?WHILE6
0005 C299           CLR    TI
0007 8F99           MOV    SBUF,R7
0009         ?WHILE7:
                                           ; SOURCE LINE # 42 
0009 3099FD         JNB    TI,?WHILE7
000C C299           CLR    TI
000E 22             RET    

            ; FUNCTION _SendChar (END)

            ; FUNCTION _SendStr (BEGIN)
              ; Register R0R4R5 is assigned to parameter cmd
                                           ; SOURCE LINE # 52 
0000 EB             MOV    A,R3
0001 FD             MOV    R5,A
0002 EA             MOV    A,R2
0003 FC             MOV    R4,A
0004 E9             MOV    A,R1
0005 F8             MOV    R0,A
                                           ; SOURCE LINE # 46 
0006 D299           SETB   TI
0008         ?WHILE11:
                                           ; SOURCE LINE # 47 
0008 ED             MOV    A,R5
0009 FB             MOV    R3,A
000A EC             MOV    A,R4
000B FA             MOV    R2,A
000C E8             MOV    A,R0
000D F9             MOV    R1,A
000E 120000  R      LCALL  IPGN1?C
0011 6017           JZ     ?WHILE13
0013         ?WHILE12:
                                           ; SOURCE LINE # 49 
0013 3099FD         JNB    TI,?WHILE12
0016 C299           CLR    TI
0018 ED             MOV    A,R5
0019 FB             MOV    R3,A
001A EC             MOV    A,R4
001B FA             MOV    R2,A
001C E8             MOV    A,R0
001D F9             MOV    R1,A
001E 120000  R      LCALL  IPGN1?C
0021 F599           MOV    SBUF,A
                                           ; SOURCE LINE # 50 
0023 08             INC    R0
0024 E8             MOV    A,R0
0025 70E1           JNZ    ?WHILE11
0027 0C             INC    R4
0028 80DE           SJMP   ?WHILE11
002A         ?WHILE13:
                                           ; SOURCE LINE # 52 
002A 3099FD         JNB    TI,?WHILE13
002D C299           CLR    TI
002F 22             RET    

            ; FUNCTION _SendStr (END)

            ; FUNCTION _display_digit (BEGIN)
              ; Register R7 is assigned to parameter digg
                                           ; SOURCE LINE # 59 
0000 EF             MOV    A,R7
0001 700F           JNZ    ?ELSE10
                                           ; SOURCE LINE # 61 
0003 D2A0           SETB   dis_a
                                           ; SOURCE LINE # 62 
0005 D2A1           SETB   dis_b
                                           ; SOURCE LINE # 63 
0007 D2A2           SETB   dis_c
                                           ; SOURCE LINE # 64 
0009 D2A3           SETB   dis_d
                                           ; SOURCE LINE # 65 
000B D2A4           SETB   dis_e
                                           ; SOURCE LINE # 66 
000D D2A5           SETB   dis_f
                                           ; SOURCE LINE # 67 
000F C2A6           CLR    dis_g
0011 22             RET    
0012         ?ELSE10:
                                           ; SOURCE LINE # 69 
0012 BF010F         CJNE   R7,#001H,?ELSE11
                                           ; SOURCE LINE # 71 
0015 C2A0           CLR    dis_a
                                           ; SOURCE LINE # 72 
0017 D2A1           SETB   dis_b
                                           ; SOURCE LINE # 73 
0019 D2A2           SETB   dis_c
                                           ; SOURCE LINE # 74 
001B C2A3           CLR    dis_d
                                           ; SOURCE LINE # 75 
001D C2A4           CLR    dis_e
                                           ; SOURCE LINE # 76 
001F C2A5           CLR    dis_f
                                           ; SOURCE LINE # 77 
0021 C2A6           CLR    dis_g
0023 22             RET    
0024         ?ELSE11:
                                           ; SOURCE LINE # 79 
0024 BF020F         CJNE   R7,#002H,?ELSE12
                                           ; SOURCE LINE # 81 
0027 D2A0           SETB   dis_a
                                           ; SOURCE LINE # 82 
0029 D2A1           SETB   dis_b
                                           ; SOURCE LINE # 83 
002B C2A2           CLR    dis_c
                                           ; SOURCE LINE # 84 
002D D2A3           SETB   dis_d
                                           ; SOURCE LINE # 85 
002F D2A4           SETB   dis_e
                                           ; SOURCE LINE # 86 
0031 C2A5           CLR    dis_f
                                           ; SOURCE LINE # 87 
0033 D2A6           SETB   dis_g
0035 22             RET    
0036         ?ELSE12:
                                           ; SOURCE LINE # 89 
0036 BF030F         CJNE   R7,#003H,?ELSE13
                                           ; SOURCE LINE # 91 
0039 D2A0           SETB   dis_a
                                           ; SOURCE LINE # 92 
003B D2A1           SETB   dis_b
                                           ; SOURCE LINE # 93 
003D D2A2           SETB   dis_c
                                           ; SOURCE LINE # 94 
003F D2A3           SETB   dis_d
                                           ; SOURCE LINE # 95 
0041 C2A4           CLR    dis_e
                                           ; SOURCE LINE # 96 
0043 C2A5           CLR    dis_f
                                           ; SOURCE LINE # 97 
0045 D2A6           SETB   dis_g
0047 22             RET    
0048         ?ELSE13:
                                           ; SOURCE LINE # 99 
0048 BF040F         CJNE   R7,#004H,?ELSE14
                                           ; SOURCE LINE # 101 
004B C2A0           CLR    dis_a
                                           ; SOURCE LINE # 102 
004D D2A1           SETB   dis_b
                                           ; SOURCE LINE # 103 
004F D2A2           SETB   dis_c
                                           ; SOURCE LINE # 104 
0051 C2A3           CLR    dis_d
                                           ; SOURCE LINE # 105 
0053 C2A4           CLR    dis_e
                                           ; SOURCE LINE # 106 
0055 D2A5           SETB   dis_f
                                           ; SOURCE LINE # 107 
0057 D2A6           SETB   dis_g
0059 22             RET    
005A         ?ELSE14:
                                           ; SOURCE LINE # 109 
005A BF050F         CJNE   R7,#005H,?ELSE15
                                           ; SOURCE LINE # 111 
005D D2A0           SETB   dis_a
                                           ; SOURCE LINE # 112 
005F C2A1           CLR    dis_b
                                           ; SOURCE LINE # 113 
0061 D2A2           SETB   dis_c
                                           ; SOURCE LINE # 114 
0063 D2A3           SETB   dis_d
                                           ; SOURCE LINE # 115 
0065 C2A4           CLR    dis_e
                                           ; SOURCE LINE # 116 
0067 D2A5           SETB   dis_f
                                           ; SOURCE LINE # 117 
0069 D2A6           SETB   dis_g
006B 22             RET    
006C         ?ELSE15:
                                           ; SOURCE LINE # 119 
006C BF060F         CJNE   R7,#006H,?ELSE16
                                           ; SOURCE LINE # 121 
006F D2A0           SETB   dis_a
                                           ; SOURCE LINE # 122 
0071 C2A1           CLR    dis_b
                                           ; SOURCE LINE # 123 
0073 D2A2           SETB   dis_c
                                           ; SOURCE LINE # 124 
0075 D2A3           SETB   dis_d
                                           ; SOURCE LINE # 125 
0077 D2A4           SETB   dis_e
                                           ; SOURCE LINE # 126 
0079 D2A5           SETB   dis_f
                                           ; SOURCE LINE # 127 
007B D2A6           SETB   dis_g
007D 22             RET    
007E         ?ELSE16:
                                           ; SOURCE LINE # 129 
007E BF070F         CJNE   R7,#007H,?ELSE17
                                           ; SOURCE LINE # 131 
0081 D2A0           SETB   dis_a
                                           ; SOURCE LINE # 132 
0083 D2A1           SETB   dis_b
                                           ; SOURCE LINE # 133 
0085 D2A2           SETB   dis_c
                                           ; SOURCE LINE # 134 
0087 C2A3           CLR    dis_d
                                           ; SOURCE LINE # 135 
0089 C2A4           CLR    dis_e
                                           ; SOURCE LINE # 136 
008B C2A5           CLR    dis_f
                                           ; SOURCE LINE # 137 
008D C2A6           CLR    dis_g
008F 22             RET    
0090         ?ELSE17:
                                           ; SOURCE LINE # 139 
0090 BF080F         CJNE   R7,#008H,?ELSE18
                                           ; SOURCE LINE # 141 
0093 D2A0           SETB   dis_a
                                           ; SOURCE LINE # 142 
0095 D2A1           SETB   dis_b
                                           ; SOURCE LINE # 143 
0097 D2A2           SETB   dis_c
                                           ; SOURCE LINE # 144 
0099 D2A3           SETB   dis_d
                                           ; SOURCE LINE # 145 
009B D2A4           SETB   dis_e
                                           ; SOURCE LINE # 146 
009D D2A5           SETB   dis_f
                                           ; SOURCE LINE # 147 
009F D2A6           SETB   dis_g
00A1 22             RET    
00A2         ?ELSE18:
                                           ; SOURCE LINE # 149 
00A2 BF090E         CJNE   R7,#009H,?NXT28
                                           ; SOURCE LINE # 151 
00A5 D2A0           SETB   dis_a
                                           ; SOURCE LINE # 152 
00A7 D2A1           SETB   dis_b
                                           ; SOURCE LINE # 153 
00A9 D2A2           SETB   dis_c
                                           ; SOURCE LINE # 154 
00AB D2A3           SETB   dis_d
                                           ; SOURCE LINE # 155 
00AD C2A4           CLR    dis_e
                                           ; SOURCE LINE # 156 
00AF D2A5           SETB   dis_f
                                           ; SOURCE LINE # 157 
00B1 D2A6           SETB   dis_g
00B3         ?NXT28:
00B3 22             RET    

            ; FUNCTION _display_digit (END)

            ; FUNCTION LcdBusy (BEGIN)
                                           ; SOURCE LINE # 162 
0000 7580FF         MOV    P0,#0FFH
                                           ; SOURCE LINE # 163 
0003 D287           SETB   BS
                                           ; SOURCE LINE # 164 
0005 D293           SETB   EN
                                           ; SOURCE LINE # 165 
0007 C291           CLR    RS
                                           ; SOURCE LINE # 166 
0009 D292           SETB   RW
000B         ?WHILE15:
                                           ; SOURCE LINE # 167 
000B 308706         JNB    BS,?NXT39
                                           ; SOURCE LINE # 169 
000E C293           CLR    EN
                                           ; SOURCE LINE # 170 
0010 D293           SETB   EN
0012 80F7           SJMP   ?WHILE15
0014         ?NXT39:
0014 22             RET    

            ; FUNCTION LcdBusy (END)

            ; FUNCTION _LcdWriteCmd (BEGIN)
              ; Register R7 is assigned to parameter var
                                           ; SOURCE LINE # 175 
0000 758000         MOV    P0,#000H
                                           ; SOURCE LINE # 176 
0003 8F80           MOV    P0,R7
                                           ; SOURCE LINE # 177 
0005 C291           CLR    RS
                                           ; SOURCE LINE # 178 
0007 C292           CLR    RW
                                           ; SOURCE LINE # 179 
0009 D293           SETB   EN
                                           ; SOURCE LINE # 180 
000B C293           CLR    EN
                                           ; SOURCE LINE # 181 
000D 120000  R      LCALL  LcdBusy
0010 22             RET    

            ; FUNCTION _LcdWriteCmd (END)

            ; FUNCTION _LcdWriteChar (BEGIN)
              ; Register R7 is assigned to parameter var
                                           ; SOURCE LINE # 185 
0000 758000         MOV    P0,#000H
                                           ; SOURCE LINE # 186 
0003 8F80           MOV    P0,R7
                                           ; SOURCE LINE # 187 
0005 D291           SETB   RS
                                           ; SOURCE LINE # 188 
0007 C292           CLR    RW
                                           ; SOURCE LINE # 189 
0009 D293           SETB   EN
                                           ; SOURCE LINE # 190 
000B C293           CLR    EN
                                           ; SOURCE LINE # 191 
000D 120000  R      LCALL  LcdBusy
0010 22             RET    

            ; FUNCTION _LcdWriteChar (END)

            ; FUNCTION LcdInit (BEGIN)
                                           ; SOURCE LINE # 195 
0000 7F38           MOV    R7,#038H
0002 120000  R      LCALL  _LcdWriteCmd
                                           ; SOURCE LINE # 196 
0005 120000  R      LCALL  _LcdWriteCmd
                                           ; SOURCE LINE # 197 
0008 120000  R      LCALL  _LcdWriteCmd
                                           ; SOURCE LINE # 198 
000B 7F06           MOV    R7,#006H
000D 120000  R      LCALL  _LcdWriteCmd
                                           ; SOURCE LINE # 199 
0010 7F0C           MOV    R7,#00CH
0012 120000  R      LCALL  _LcdWriteCmd
0015 22             RET    

            ; FUNCTION LcdInit (END)

            ; FUNCTION _LcdWriteStr (BEGIN)
              ; Register R0R4R5 is assigned to parameter var
                                           ; SOURCE LINE # 204 
0000 EB             MOV    A,R3
0001 FD             MOV    R5,A
0002 EA             MOV    A,R2
0003 FC             MOV    R4,A
0004 E9             MOV    A,R1
0005 F8             MOV    R0,A
0006         ?WHILE17:
                                           ; SOURCE LINE # 203 
0006 ED             MOV    A,R5
0007 FB             MOV    R3,A
0008 EC             MOV    A,R4
0009 FA             MOV    R2,A
000A E8             MOV    A,R0
000B F9             MOV    R1,A
000C 120000  R      LCALL  IPGN1?C
000F 6015           JZ     ?NXT41
                                           ; SOURCE LINE # 204 
0011 ED             MOV    A,R5
0012 FB             MOV    R3,A
0013 EC             MOV    A,R4
0014 FA             MOV    R2,A
0015 E8             MOV    A,R0
0016 F9             MOV    R1,A
0017 08             INC    R0
0018 E8             MOV    A,R0
0019 7002           JNZ    ?LAB30
001B 0C             INC    R4
001C EC             MOV    A,R4
001D         ?LAB30:
001D 120000  R      LCALL  IPGN1?C
0020 FF             MOV    R7,A
0021 120000  R      LCALL  _LcdWriteChar
0024 80E0           SJMP   ?WHILE17
0026         ?NXT41:
0026 22             RET    

            ; FUNCTION _LcdWriteStr (END)

            ; FUNCTION _LcdGotoXY (BEGIN)
              ; Register R7 is assigned to parameter row
              ; Register R5 is assigned to parameter col
                                           ; SOURCE LINE # 208 
0000 EF             MOV    A,R7
0001 14             DEC    A
0002 600A           JZ     ?CASE4
0004 14             DEC    A
0005 600F           JZ     ?CASE5
0007 14             DEC    A
0008 6014           JZ     ?CASE6
000A 14             DEC    A
000B 6019           JZ     ?CASE7
000D 22             RET    
000E         ?CASE4:
                                           ; SOURCE LINE # 210 
000E ED             MOV    A,R5
000F 247F           ADD    A,#07FH
0011 FF             MOV    R7,A
0012 120000  R      LCALL  _LcdWriteCmd
0015 22             RET    
0016         ?CASE5:
                                           ; SOURCE LINE # 211 
0016 ED             MOV    A,R5
0017 24BF           ADD    A,#0BFH
0019 FF             MOV    R7,A
001A 120000  R      LCALL  _LcdWriteCmd
001D 22             RET    
001E         ?CASE6:
                                           ; SOURCE LINE # 212 
001E ED             MOV    A,R5
001F 2493           ADD    A,#093H
0021 FF             MOV    R7,A
0022 120000  R      LCALL  _LcdWriteCmd
0025 22             RET    
0026         ?CASE7:
                                           ; SOURCE LINE # 213 
0026 ED             MOV    A,R5
0027 24D3           ADD    A,#0D3H
0029 FF             MOV    R7,A
002A 120000  R      LCALL  _LcdWriteCmd
                                           ; SOURCE LINE # 214 
002D 22             RET    

            ; FUNCTION _LcdGotoXY (END)

            ; FUNCTION LcdClear (BEGIN)
                                           ; SOURCE LINE # 219 
0000 7F01           MOV    R7,#001H
0002 120000  R      LCALL  _LcdWriteCmd
                                           ; SOURCE LINE # 220 
0005 120000  R      LCALL  DelayOnems
                                           ; SOURCE LINE # 221 
0008 120000  R      LCALL  DelayOnems
000B 22             RET    

            ; FUNCTION LcdClear (END)

            ; FUNCTION main (BEGIN)
                                           ; SOURCE LINE # 13 
0000 759850         MOV    SCON,#050H
                                           ; SOURCE LINE # 14 
0003 758805         MOV    TCON,#005H
                                           ; SOURCE LINE # 15 
0006 758921         MOV    TMOD,#021H
                                           ; SOURCE LINE # 16 
0009 758BFF         MOV    TL1,#0FFH
                                           ; SOURCE LINE # 17 
000C 758DFF         MOV    TH1,#0FFH
                                           ; SOURCE LINE # 18 
000F D28E           SETB   TR1
                                           ; SOURCE LINE # 19 
0011 E4             CLR    A
0012 F500    R      MOV    i,A
0014 F500    R      MOV    i+01H,A
0016         ?FOR3:
                                           ; SOURCE LINE # 20 
0016 120000  R      LCALL  DelayOnems
                                           ; SOURCE LINE # 19 
0019 0500    R      INC    i+01H
001B E500    R      MOV    A,i+01H
001D 7002           JNZ    ?LAB43
001F 0500    R      INC    i
0021         ?LAB43:
0021 E500    R      MOV    A,i
0023 B403F0         CJNE   A,#003H,?FOR3
0026 E500    R      MOV    A,i+01H
0028 B4E8EB         CJNE   A,#0E8H,?FOR3
                                           ; SOURCE LINE # 21 
002B 7590F0         MOV    P1,#0F0H
                                           ; SOURCE LINE # 22 
002E 75A000         MOV    P2,#000H
                                           ; SOURCE LINE # 23 
0031 120000  R      LCALL  LcdInit
                                           ; SOURCE LINE # 24 
0034 120000  R      LCALL  LcdClear
                                           ; SOURCE LINE # 25 
0037 7B05           MOV    R3,#005H
0039 7A00    R      MOV    R2,#000H
003B 7900    R      MOV    R1,#000H
003D 120000  R      LCALL  _LcdWriteStr
                                           ; SOURCE LINE # 26 
0040 D2AC           SETB   ES
                                           ; SOURCE LINE # 27 
0042 D2A8           SETB   EX0
                                           ; SOURCE LINE # 28 
0044 D288           SETB   IT0
                                           ; SOURCE LINE # 29 
0046 D2AF           SETB   EA
                                           ; SOURCE LINE # 30 
0048 7F53           MOV    R7,#053H
004A 120000  R      LCALL  _SendChar
                                           ; SOURCE LINE # 31 
004D 7F61           MOV    R7,#061H
004F 120000  R      LCALL  _SendChar
                                           ; SOURCE LINE # 32 
0052 7F6A           MOV    R7,#06AH
0054 120000  R      LCALL  _SendChar
                                           ; SOURCE LINE # 33 
0057 120000  R      LCALL  _SendChar
                                           ; SOURCE LINE # 34 
005A 7F61           MOV    R7,#061H
005C 120000  R      LCALL  _SendChar
                                           ; SOURCE LINE # 35 
005F 7F64           MOV    R7,#064H
0061 120000  R      LCALL  _SendChar
0064         ?WHILE19:
                                           ; SOURCE LINE # 39 
0064 300007  R      JNB    rxFlag,?NXT51
                                           ; SOURCE LINE # 41 
0067 C200    R      CLR    rxFlag
                                           ; SOURCE LINE # 42 
0069 AF00    R      MOV    R7,RecChar
006B 120000  R      LCALL  _LcdWriteChar
006E         ?NXT51:
                                           ; SOURCE LINE # 44 
006E AE00    R      MOV    R6,i
0070 AF00    R      MOV    R7,i+01H
0072 E4             CLR    A
0073 FC             MOV    R4,A
0074 7D0A           MOV    R5,#00AH
0076 120000  R      LCALL  ?C_SIDIV
0079 8D07           MOV    AR7,R5
007B 120000  R      LCALL  _display_digit
                                           ; SOURCE LINE # 45 
007E 0500    R      INC    i+01H
0080 E500    R      MOV    A,i+01H
0082 7002           JNZ    ?LAB44
0084 0500    R      INC    i
0086         ?LAB44:
                                           ; SOURCE LINE # 46 
0086 7F01           MOV    R7,#001H
0088 120000  R      LCALL  _DelaySec
008B 80D7           SJMP   ?WHILE19

            ; FUNCTION main (END)

            ; FUNCTION keypad (BEGIN)
                                           ; SOURCE LINE # 56 
0000 C0E0           PUSH   ACC
0002 C0D0           PUSH   PSW
0004 C007           PUSH   AR7
                                           ; SOURCE LINE # 53 
0006 E590           MOV    A,P1
0008 54F0           ANL    A,#0F0H
000A F500    R      MOV    Key,A
                                           ; SOURCE LINE # 54 
000C C4             SWAP   A
000D 540F           ANL    A,#00FH
000F F500    R      MOV    Key,A
                                           ; SOURCE LINE # 55 
0011 120000  R      LCALL  LcdClear
                                           ; SOURCE LINE # 56 
0014 2430           ADD    A,#030H
0016 FF             MOV    R7,A
0017 120000  R      LCALL  _LcdWriteChar
001A D007           POP    AR7
001C D0D0           POP    PSW
001E D0E0           POP    ACC
0020 32             RETI   

            ; FUNCTION keypad (END)

            ; FUNCTION Serial (BEGIN)
                                           ; SOURCE LINE # 64 
0000 C0D0           PUSH   PSW
                                           ; SOURCE LINE # 60 
0002 309807         JNB    RI,?NXT57
                                           ; SOURCE LINE # 62 
0005 C298           CLR    RI
                                           ; SOURCE LINE # 63 
0007 859900  R      MOV    RecChar,SBUF
                                           ; SOURCE LINE # 64 
000A D200    R      SETB   rxFlag
000C         ?NXT57:
000C D0D0           POP    PSW
000E 32             RETI   

            ; FUNCTION Serial (END)

C51 COMPILER V6.11.4C,  MAIN                      08/07/109  10:38:59  PAGE  3

NAME                                    CLASS   MSPACE  TYPE    OFFSET  SIZE
====                                    =====   ======  ====    ======  ====

DelayOnems . . . . . . . . . . . . . .  PUBLIC  CODE    PROC    -----   -----
DelaySec . . . . . . . . . . . . . . .  PUBLIC  CODE    PROC    -----   -----
  ds?041 . . . . . . . . . . . . . . .  PARAM   DATA    BASE    0000H   1    
  ds?041 . . . . . . . . . . . . . . .  PARAM   DATA    BASE    0000H   1    
k?042. . . . . . . . . . . . . . . . .  PUBLIC  DATA    U_INT  0000H   2    
Getc . . . . . . . . . . . . . . . . .  PUBLIC  CODE    PROC    -----   -----
c?044. . . . . . . . . . . . . . . . .  PUBLIC  DATA    BASE    0000H   1    
SendChar . . . . . . . . . . . . . . .  PUBLIC  CODE    PROC    -----   -----
  ch?045 . . . . . . . . . . . . . . .  PARAM   DATA    BASE    0000H   1    
  ch?045 . . . . . . . . . . . . . . .  PARAM   DATA    BASE    0000H   1    
SendStr. . . . . . . . . . . . . . . .  PUBLIC  CODE    PROC    -----   -----
  cmd?046. . . . . . . . . . . . . . .  PARAM   DATA    PTR     0000H   3    
  cmd?046. . . . . . . . . . . . . . .  PARAM   DATA    PTR     0000H   3    
display_digit. . . . . . . . . . . . .  PUBLIC  CODE    PROC    -----   -----
  digg?047 . . . . . . . . . . . . . .  PARAM   DATA    BASE    0000H   1    
  digg?047 . . . . . . . . . . . . . .  PARAM   DATA    BASE    0000H   1    
LcdBusy. . . . . . . . . . . . . . . .  PUBLIC  CODE    PROC    -----   -----
LcdWriteCmd. . . . . . . . . . . . . .  PUBLIC  CODE    PROC    -----   -----
  var?048. . . . . . . . . . . . . . .  PARAM   DATA    BASE    0000H   1    
  var?048. . . . . . . . . . . . . . .  PARAM   DATA    BASE    0000H   1    
LcdWriteChar . . . . . . . . . . . . .  PUBLIC  CODE    PROC    -----   -----
  var?049. . . . . . . . . . . . . . .  PARAM   DATA    BASE    0000H   1    
  var?049. . . . . . . . . . . . . . .  PARAM   DATA    BASE    0000H   1    
LcdInit. . . . . . . . . . . . . . . .  PUBLIC  CODE    PROC    -----   -----
LcdWriteStr. . . . . . . . . . . . . .  PUBLIC  CODE    PROC    -----   -----
  var?050. . . . . . . . . . . . . . .  PARAM   DATA    PTR     0000H   3    
  var?050. . . . . . . . . . . . . . .  PARAM   DATA    PTR     0000H   3    
LcdGotoXY. . . . . . . . . . . . . . .  PUBLIC  CODE    PROC    -----   -----
  row?051. . . . . . . . . . . . . . .  PARAM   DATA    BASE    0000H   1    
  col?052. . . . . . . . . . . . . . .  PARAM   DATA    BASE    0001H   1    
  row?051. . . . . . . . . . . . . . .  PARAM   DATA    BASE    0000H   1    
  col?052. . . . . . . . . . . . . . .  PARAM   DATA    BASE    0001H   1    
LcdClear . . . . . . . . . . . . . . .  PUBLIC  CODE    PROC    -----   -----
Key. . . . . . . . . . . . . . . . . .  PUBLIC  DATA    BASE    0000H   1    
RecChar. . . . . . . . . . . . . . . .  PUBLIC  DATA    BASE    0001H   1    
rxFlag . . . . . . . . . . . . . . . .  PUBLIC  DATA    BIT     0000H   1    
main . . . . . . . . . . . . . . . . .  PUBLIC  CODE    PROC    -----   -----
i?054. . . . . . . . . . . . . . . . .  PUBLIC  DATA    INT     0000H   2    
keypad . . . . . . . . . . . . . . . .  PUBLIC  CODE    PROC    -----   -----
Serial . . . . . . . . . . . . . . . .  PUBLIC  CODE    PROC    -----   -----
C51 COMPILER V6.11.4C,  MAIN                      08/07/109  10:38:59  PAGE  4



MODULE INFORMATION:   STATIC OVERLAYABLE
   CODE SIZE        =    676    ----
   CONSTANT SIZE    =   ----    ----
   XDATA SIZE       =   ----    ----
   PDATA SIZE       =   ----    ----
   DATA SIZE        =      2       5
   IDATA SIZE       =   ----    ----
   BIT SIZE         =      1    ----
END OF MODULE INFORMATION.

C51 COMPILATION COMPLETE.  0 WARNING,  0 ERROR
